Start testing: Dec 30 18:54 Central Europe Standard Time
----------------------------------------------------------
1/3 Testing: HelloTest.BasicAssertions
1/3 Test: HelloTest.BasicAssertions
Command: "D:/my coding projects/Simple-registration-system/tests/build/Debug/hello_test.exe" "--gtest_filter=HelloTest.BasicAssertions" "--gtest_also_run_disabled_tests"
Directory: D:/my coding projects/Simple-registration-system/tests/build
"HelloTest.BasicAssertions" start time: Dec 30 18:54 Central Europe Standard Time
Output:
----------------------------------------------------------
Running main() from D:\my coding projects\Simple-registration-system\tests\build\_deps\googletest-src\googletest\src\gtest_main.cc
Note: Google Test filter = HelloTest.BasicAssertions
[==========] Running 1 test from 1 test suite.
[----------] Global test environment set-up.
[----------] 1 test from HelloTest
[ RUN      ] HelloTest.BasicAssertions
[       OK ] HelloTest.BasicAssertions (0 ms)
[----------] 1 test from HelloTest (0 ms total)

[----------] Global test environment tear-down
[==========] 1 test from 1 test suite ran. (0 ms total)
[  PASSED  ] 1 test.
<end of output>
Test time =   0.01 sec
----------------------------------------------------------
Test Passed.
"HelloTest.BasicAssertions" end time: Dec 30 18:54 Central Europe Standard Time
"HelloTest.BasicAssertions" time elapsed: 00:00:00
----------------------------------------------------------

2/3 Testing: HashTableTest.AssertionTest
2/3 Test: HashTableTest.AssertionTest
Command: "D:/my coding projects/Simple-registration-system/tests/build/Debug/HashTable_test.exe" "--gtest_filter=HashTableTest.AssertionTest" "--gtest_also_run_disabled_tests"
Directory: D:/my coding projects/Simple-registration-system/tests/build
"HashTableTest.AssertionTest" start time: Dec 30 18:54 Central Europe Standard Time
Output:
----------------------------------------------------------
Running main() from D:\my coding projects\Simple-registration-system\tests\build\_deps\googletest-src\googletest\src\gtest_main.cc
Note: Google Test filter = HashTableTest.AssertionTest
[==========] Running 1 test from 1 test suite.
[----------] Global test environment set-up.
[----------] 1 test from HashTableTest
[ RUN      ] HashTableTest.AssertionTest
[       OK ] HashTableTest.AssertionTest (0 ms)
[----------] 1 test from HashTableTest (0 ms total)

[----------] Global test environment tear-down
[==========] 1 test from 1 test suite ran. (0 ms total)
[  PASSED  ] 1 test.
<end of output>
Test time =   0.01 sec
----------------------------------------------------------
Test Passed.
"HashTableTest.AssertionTest" end time: Dec 30 18:54 Central Europe Standard Time
"HashTableTest.AssertionTest" time elapsed: 00:00:00
----------------------------------------------------------

3/3 Testing: HashTableTest.DeleteTest
3/3 Test: HashTableTest.DeleteTest
Command: "D:/my coding projects/Simple-registration-system/tests/build/Debug/HashTable_test.exe" "--gtest_filter=HashTableTest.DeleteTest" "--gtest_also_run_disabled_tests"
Directory: D:/my coding projects/Simple-registration-system/tests/build
"HashTableTest.DeleteTest" start time: Dec 30 18:54 Central Europe Standard Time
Output:
----------------------------------------------------------
Running main() from D:\my coding projects\Simple-registration-system\tests\build\_deps\googletest-src\googletest\src\gtest_main.cc
Note: Google Test filter = HashTableTest.DeleteTest
[==========] Running 1 test from 1 test suite.
[----------] Global test environment set-up.
[----------] 1 test from HashTableTest
[ RUN      ] HashTableTest.DeleteTest
1
2
3
[       OK ] HashTableTest.DeleteTest (0 ms)
[----------] 1 test from HashTableTest (0 ms total)

[----------] Global test environment tear-down
[==========] 1 test from 1 test suite ran. (0 ms total)
[  PASSED  ] 1 test.
<end of output>
Test time =   0.01 sec
----------------------------------------------------------
Test Passed.
"HashTableTest.DeleteTest" end time: Dec 30 18:54 Central Europe Standard Time
"HashTableTest.DeleteTest" time elapsed: 00:00:00
----------------------------------------------------------

End testing: Dec 30 18:54 Central Europe Standard Time
